#
# There is insufficient memory for the Java Runtime Environment to continue.
# Native memory allocation (malloc) failed to allocate 1029968 bytes for Chunk::new
# Possible reasons:
#   The system is out of physical RAM or swap space
#   In 32 bit mode, the process size limit was hit
# Possible solutions:
#   Reduce memory load on the system
#   Increase physical memory or swap space
#   Check if swap backing store is full
#   Use 64 bit Java on a 64 bit OS
#   Decrease Java heap size (-Xmx/-Xms)
#   Decrease number of Java threads
#   Decrease Java thread stack sizes (-Xss)
#   Set larger code cache with -XX:ReservedCodeCacheSize=
# This output file may be truncated or incomplete.
#
#  Out of Memory Error (allocation.cpp:390), pid=8936, tid=2428
#
# JRE version: Java(TM) SE Runtime Environment (8.0_65-b17) (build 1.8.0_65-b17)
# Java VM: Java HotSpot(TM) 64-Bit Server VM (25.65-b01 mixed mode windows-amd64 compressed oops)
# Failed to write core dump. Minidumps are not enabled by default on client versions of Windows
#

---------------  T H R E A D  ---------------

Current thread (0x0000000056751800):  JavaThread "C2 CompilerThread0" daemon [_thread_in_native, id=2428, stack(0x0000000057390000,0x0000000057490000)]

Stack: [0x0000000057390000,0x0000000057490000]
[error occurred during error reporting (printing stack bounds), id 0xc0000005]

Native frames: (J=compiled Java code, j=interpreted, Vv=VM code, C=native code)


Current CompileTask:
C2:  15903 4796       4       org.springframework.core.annotation.AnnotationUtils::postProcessAnnotationAttributes (150 bytes)


---------------  P R O C E S S  ---------------

Java Threads: ( => current thread )
  0x000000005d1ba000 JavaThread "HikariPool-1 connection adder" daemon [_thread_blocked, id=4100, stack(0x0000000061d60000,0x0000000061e60000)]
  0x000000005d1b9800 JavaThread "HikariPool-1 housekeeper" daemon [_thread_blocked, id=6196, stack(0x00000000619f0000,0x0000000061af0000)]
  0x00000000584ea800 JavaThread "Abandoned connection cleanup thread" daemon [_thread_blocked, id=6048, stack(0x000000005ec30000,0x000000005ed30000)]
  0x0000000057ad0800 JavaThread "container-0" [_thread_blocked, id=6276, stack(0x0000000060380000,0x0000000060480000)]
  0x0000000057b82000 JavaThread "ContainerBackgroundProcessor[StandardEngine[Tomcat]]" daemon [_thread_blocked, id=1620, stack(0x0000000060200000,0x0000000060300000)]
  0x0000000060fad800 JavaThread "localhost-startStop-1" daemon [_thread_blocked, id=2732, stack(0x000000005ed70000,0x000000005ee70000)]
  0x0000000060734000 JavaThread "Tomcat-startStop-1" daemon [_thread_blocked, id=8732, stack(0x000000005c840000,0x000000005c940000)]
  0x00000000588b0800 JavaThread "restartedMain" [_thread_in_native, id=4168, stack(0x0000000059450000,0x0000000059550000)]
  0x0000000058758000 JavaThread "Thread-0" [_thread_blocked, id=6848, stack(0x00000000592c0000,0x00000000593c0000)]
  0x00000000567dd800 JavaThread "Service Thread" daemon [_thread_blocked, id=4148, stack(0x00000000577f0000,0x00000000578f0000)]
  0x00000000567a0000 JavaThread "C1 CompilerThread2" daemon [_thread_blocked, id=7384, stack(0x00000000576d0000,0x00000000577d0000)]
  0x0000000056755800 JavaThread "C2 CompilerThread1" daemon [_thread_in_native, id=9092, stack(0x00000000574b0000,0x00000000575b0000)]
=>0x0000000056751800 JavaThread "C2 CompilerThread0" daemon [_thread_in_native, id=2428, stack(0x0000000057390000,0x0000000057490000)]
  0x0000000056742000 JavaThread "JDWP Command Reader" daemon [_thread_in_native, id=4992, stack(0x0000000057250000,0x0000000057350000)]
  0x0000000056740800 JavaThread "JDWP Event Helper Thread" daemon [_thread_blocked, id=6092, stack(0x0000000056e40000,0x0000000056f40000)]
  0x000000005673d000 JavaThread "JDWP Transport Listener: dt_socket" daemon [_thread_blocked, id=8316, stack(0x0000000057130000,0x0000000057230000)]
  0x0000000054fab800 JavaThread "Attach Listener" daemon [_thread_blocked, id=8636, stack(0x0000000056630000,0x0000000056730000)]
  0x0000000054fa7800 JavaThread "Signal Dispatcher" daemon [_thread_blocked, id=6188, stack(0x00000000564c0000,0x00000000565c0000)]
  0x0000000054f4b800 JavaThread "Finalizer" daemon [_thread_blocked, id=6172, stack(0x0000000056170000,0x0000000056270000)]
  0x0000000054f44800 JavaThread "Reference Handler" daemon [_thread_blocked, id=8996, stack(0x0000000055ea0000,0x0000000055fa0000)]
  0x000000000212b000 JavaThread "main" [_thread_blocked, id=5796, stack(0x00000000023c0000,0x00000000024c0000)]

Other Threads:
  0x0000000054f3f000 VMThread [stack: 0x0000000055fe0000,0x00000000560e0000] [id=7204]
  0x0000000056820000 WatcherThread [stack: 0x0000000056ca0000,0x0000000056da0000] [id=8304]

VM state:not at safepoint (normal execution)

VM Mutex/Monitor currently owned by a thread: None

Heap:
 PSYoungGen      total 173568K, used 145844K [0x00000000eb180000, 0x00000000f9300000, 0x0000000100000000)
  eden space 158720K, 82% used [0x00000000eb180000,0x00000000f3170c30,0x00000000f4c80000)
  from space 14848K, 99% used [0x00000000f8480000,0x00000000f92fc558,0x00000000f9300000)
  to   space 14848K, 0% used [0x00000000f4c80000,0x00000000f4c80000,0x00000000f5b00000)
 ParOldGen       total 57856K, used 21587K [0x00000000c1400000, 0x00000000c4c80000, 0x00000000eb180000)
  object space 57856K, 37% used [0x00000000c1400000,0x00000000c2914dc0,0x00000000c4c80000)
 Metaspace       used 53345K, capacity 55594K, committed 55600K, reserved 1097728K
  class space    used 7057K, capacity 7470K, committed 7472K, reserved 1048576K

Card table byte_map: [0x0000000011b50000,0x0000000011d50000] byte_map_base: 0x0000000011546000

Marking Bits: (ParMarkBitMap*) 0x000000006aa1a5b0
 Begin Bits: [0x0000000012450000, 0x0000000013400000)
 End Bits:   [0x0000000013400000, 0x00000000143b0000)

Polling page: 0x0000000000330000

CodeCache: size=245760Kb used=16132Kb max_used=16308Kb free=229627Kb
 bounds [0x0000000002790000, 0x0000000003790000, 0x0000000011790000]
 total_blobs=4808 nmethods=4288 adapters=439
 compilation: enabled

Compilation events (10 events):
Event: 15.799 Thread 0x00000000567a0000 4861       2       java.lang.Class::copyFields (36 bytes)
Event: 15.799 Thread 0x00000000567a0000 nmethod 4861 0x0000000002ac5dd0 code [0x0000000002ac5f60, 0x0000000002ac63d8]
Event: 15.800 Thread 0x00000000567a0000 4860       2       org.springframework.beans.factory.annotation.RequiredAnnotationBeanPostProcessor::isRequiredProperty (26 bytes)
Event: 15.800 Thread 0x00000000567a0000 nmethod 4860 0x0000000002b60850 code [0x0000000002b609c0, 0x0000000002b60bc8]
Event: 15.806 Thread 0x00000000567a0000 4862       2       java.lang.reflect.Field::set (52 bytes)
Event: 15.807 Thread 0x00000000567a0000 nmethod 4862 0x0000000002b01010 code [0x0000000002b011a0, 0x0000000002b01448]
Event: 15.810 Thread 0x00000000567a0000 4863       2       java.beans.Introspector::addPropertyDescriptors (37 bytes)
Event: 15.811 Thread 0x00000000567a0000 nmethod 4863 0x0000000002a14110 code [0x0000000002a14280, 0x0000000002a14488]
Event: 15.820 Thread 0x00000000567a0000 4865       2       java.lang.ClassLoader::defineClass (43 bytes)
Event: 15.821 Thread 0x00000000567a0000 nmethod 4865 0x000000000326c450 code [0x000000000326c600, 0x000000000326c928]

GC Heap History (10 events):
Event: 3.627 GC heap before
{Heap before GC invocations=8 (full 1):
 PSYoungGen      total 109056K, used 108561K [0x00000000eb180000, 0x00000000f4000000, 0x0000000100000000)
  eden space 104448K, 100% used [0x00000000eb180000,0x00000000f1780000,0x00000000f1780000)
  from space 4608K, 89% used [0x00000000f3b80000,0x00000000f3f84588,0x00000000f4000000)
  to   space 9728K, 0% used [0x00000000f2d00000,0x00000000f2d00000,0x00000000f3680000)
 ParOldGen       total 40960K, used 10786K [0x00000000c1400000, 0x00000000c3c00000, 0x00000000eb180000)
  object space 40960K, 26% used [0x00000000c1400000,0x00000000c1e88b98,0x00000000c3c00000)
 Metaspace       used 27733K, capacity 28774K, committed 28976K, reserved 1075200K
  class space    used 3599K, capacity 3821K, committed 3888K, reserved 1048576K
Event: 3.651 GC heap after
Heap after GC invocations=8 (full 1):
 PSYoungGen      total 136192K, used 8908K [0x00000000eb180000, 0x00000000f6580000, 0x0000000100000000)
  eden space 126464K, 0% used [0x00000000eb180000,0x00000000eb180000,0x00000000f2d00000)
  from space 9728K, 91% used [0x00000000f2d00000,0x00000000f35b3148,0x00000000f3680000)
  to   space 10752K, 0% used [0x00000000f5b00000,0x00000000f5b00000,0x00000000f6580000)
 ParOldGen       total 40960K, used 10794K [0x00000000c1400000, 0x00000000c3c00000, 0x00000000eb180000)
  object space 40960K, 26% used [0x00000000c1400000,0x00000000c1e8ab98,0x00000000c3c00000)
 Metaspace       used 27733K, capacity 28774K, committed 28976K, reserved 1075200K
  class space    used 3599K, capacity 3821K, committed 3888K, reserved 1048576K
}
Event: 8.013 GC heap before
{Heap before GC invocations=9 (full 1):
 PSYoungGen      total 136192K, used 135368K [0x00000000eb180000, 0x00000000f6580000, 0x0000000100000000)
  eden space 126464K, 99% used [0x00000000eb180000,0x00000000f2cff260,0x00000000f2d00000)
  from space 9728K, 91% used [0x00000000f2d00000,0x00000000f35b3148,0x00000000f3680000)
  to   space 10752K, 0% used [0x00000000f5b00000,0x00000000f5b00000,0x00000000f6580000)
 ParOldGen       total 40960K, used 10794K [0x00000000c1400000, 0x00000000c3c00000, 0x00000000eb180000)
  object space 40960K, 26% used [0x00000000c1400000,0x00000000c1e8ab98,0x00000000c3c00000)
 Metaspace       used 33431K, capacity 34932K, committed 35120K, reserved 1079296K
  class space    used 4315K, capacity 4582K, committed 4656K, reserved 1048576K
Event: 8.028 GC heap after
Heap after GC invocations=9 (full 1):
 PSYoungGen      total 169472K, used 10729K [0x00000000eb180000, 0x00000000f8700000, 0x0000000100000000)
  eden space 158720K, 0% used [0x00000000eb180000,0x00000000eb180000,0x00000000f4c80000)
  from space 10752K, 99% used [0x00000000f5b00000,0x00000000f657a6f8,0x00000000f6580000)
  to   space 14848K, 0% used [0x00000000f4c80000,0x00000000f4c80000,0x00000000f5b00000)
 ParOldGen       total 40960K, used 15884K [0x00000000c1400000, 0x00000000c3c00000, 0x00000000eb180000)
  object space 40960K, 38% used [0x00000000c1400000,0x00000000c23833a0,0x00000000c3c00000)
 Metaspace       used 33431K, capacity 34932K, committed 35120K, reserved 1079296K
  class space    used 4315K, capacity 4582K, committed 4656K, reserved 1048576K
}
Event: 10.179 GC heap before
{Heap before GC invocations=10 (full 1):
 PSYoungGen      total 169472K, used 41491K [0x00000000eb180000, 0x00000000f8700000, 0x0000000100000000)
  eden space 158720K, 19% used [0x00000000eb180000,0x00000000ecf8a860,0x00000000f4c80000)
  from space 10752K, 99% used [0x00000000f5b00000,0x00000000f657a6f8,0x00000000f6580000)
  to   space 14848K, 0% used [0x00000000f4c80000,0x00000000f4c80000,0x00000000f5b00000)
 ParOldGen       total 40960K, used 15884K [0x00000000c1400000, 0x00000000c3c00000, 0x00000000eb180000)
  object space 40960K, 38% used [0x00000000c1400000,0x00000000c23833a0,0x00000000c3c00000)
 Metaspace       used 33847K, capacity 35316K, committed 35496K, reserved 1081344K
  class space    used 4361K, capacity 4646K, committed 4656K, reserved 1048576K
Event: 10.195 GC heap after
Heap after GC invocations=10 (full 1):
 PSYoungGen      total 173568K, used 9268K [0x00000000eb180000, 0x00000000f9300000, 0x0000000100000000)
  eden space 158720K, 0% used [0x00000000eb180000,0x00000000eb180000,0x00000000f4c80000)
  from space 14848K, 62% used [0x00000000f4c80000,0x00000000f558d398,0x00000000f5b00000)
  to   space 14848K, 0% used [0x00000000f8480000,0x00000000f8480000,0x00000000f9300000)
 ParOldGen       total 40960K, used 18002K [0x00000000c1400000, 0x00000000c3c00000, 0x00000000eb180000)
  object space 40960K, 43% used [0x00000000c1400000,0x00000000c2594a78,0x00000000c3c00000)
 Metaspace       used 33847K, capacity 35316K, committed 35496K, reserved 1081344K
  class space    used 4361K, capacity 4646K, committed 4656K, reserved 1048576K
}
Event: 10.195 GC heap before
{Heap before GC invocations=11 (full 2):
 PSYoungGen      total 173568K, used 9268K [0x00000000eb180000, 0x00000000f9300000, 0x0000000100000000)
  eden space 158720K, 0% used [0x00000000eb180000,0x00000000eb180000,0x00000000f4c80000)
  from space 14848K, 62% used [0x00000000f4c80000,0x00000000f558d398,0x00000000f5b00000)
  to   space 14848K, 0% used [0x00000000f8480000,0x00000000f8480000,0x00000000f9300000)
 ParOldGen       total 40960K, used 18002K [0x00000000c1400000, 0x00000000c3c00000, 0x00000000eb180000)
  object space 40960K, 43% used [0x00000000c1400000,0x00000000c2594a78,0x00000000c3c00000)
 Metaspace       used 33847K, capacity 35316K, committed 35496K, reserved 1081344K
  class space    used 4361K, capacity 4646K, committed 4656K, reserved 1048576K
Event: 10.261 GC heap after
Heap after GC invocations=11 (full 2):
 PSYoungGen      total 173568K, used 0K [0x00000000eb180000, 0x00000000f9300000, 0x0000000100000000)
  eden space 158720K, 0% used [0x00000000eb180000,0x00000000eb180000,0x00000000f4c80000)
  from space 14848K, 0% used [0x00000000f4c80000,0x00000000f4c80000,0x00000000f5b00000)
  to   space 14848K, 0% used [0x00000000f8480000,0x00000000f8480000,0x00000000f9300000)
 ParOldGen       total 57856K, used 17734K [0x00000000c1400000, 0x00000000c4c80000, 0x00000000eb180000)
  object space 57856K, 30% used [0x00000000c1400000,0x00000000c2551b58,0x00000000c4c80000)
 Metaspace       used 33847K, capacity 35316K, committed 35496K, reserved 1081344K
  class space    used 4361K, capacity 4646K, committed 4656K, reserved 1048576K
}
Event: 14.441 GC heap before
{Heap before GC invocations=12 (full 2):
 PSYoungGen      total 173568K, used 158720K [0x00000000eb180000, 0x00000000f9300000, 0x0000000100000000)
  eden space 158720K, 100% used [0x00000000eb180000,0x00000000f4c80000,0x00000000f4c80000)
  from space 14848K, 0% used [0x00000000f4c80000,0x00000000f4c80000,0x00000000f5b00000)
  to   space 14848K, 0% used [0x00000000f8480000,0x00000000f8480000,0x00000000f9300000)
 ParOldGen       total 57856K, used 17734K [0x00000000c1400000, 0x00000000c4c80000, 0x00000000eb180000)
  object space 57856K, 30% used [0x00000000c1400000,0x00000000c2551b58,0x00000000c4c80000)
 Metaspace       used 49646K, capacity 51632K, committed 51760K, reserved 1093632K
  class space    used 6541K, capacity 6947K, committed 6960K, reserved 1048576K
Event: 14.489 GC heap after
Heap after GC invocations=12 (full 2):
 PSYoungGen      total 173568K, used 14833K [0x00000000eb180000, 0x00000000f9300000, 0x0000000100000000)
  eden space 158720K, 0% used [0x00000000eb180000,0x00000000eb180000,0x00000000f4c80000)
  from space 14848K, 99% used [0x00000000f8480000,0x00000000f92fc558,0x00000000f9300000)
  to   space 14848K, 0% used [0x00000000f4c80000,0x00000000f4c80000,0x00000000f5b00000)
 ParOldGen       total 57856K, used 21587K [0x00000000c1400000, 0x00000000c4c80000, 0x00000000eb180000)
  object space 57856K, 37% used [0x00000000c1400000,0x00000000c2914dc0,0x00000000c4c80000)
 Metaspace       used 49646K, capacity 51632K, committed 51760K, reserved 1093632K
  class space    used 6541K, capacity 6947K, committed 6960K, reserved 1048576K
}

Deoptimization events (10 events):
Event: 15.834 Thread 0x00000000588b0800 Uncommon trap: reason=unhandled action=none pc=0x0000000002f0a47c method=java.net.URLClassLoader.findClass(Ljava/lang/String;)Ljava/lang/Class; @ 44
Event: 15.834 Thread 0x00000000588b0800 Uncommon trap: reason=unhandled action=none pc=0x0000000002f0a47c method=java.net.URLClassLoader.findClass(Ljava/lang/String;)Ljava/lang/Class; @ 44
Event: 15.835 Thread 0x00000000588b0800 Uncommon trap: reason=unhandled action=none pc=0x0000000002f0a47c method=java.net.URLClassLoader.findClass(Ljava/lang/String;)Ljava/lang/Class; @ 44
Event: 15.835 Thread 0x00000000588b0800 Uncommon trap: reason=unhandled action=none pc=0x0000000002f0a47c method=java.net.URLClassLoader.findClass(Ljava/lang/String;)Ljava/lang/Class; @ 44
Event: 15.836 Thread 0x00000000588b0800 Uncommon trap: reason=unhandled action=none pc=0x0000000002f0a47c method=java.net.URLClassLoader.findClass(Ljava/lang/String;)Ljava/lang/Class; @ 44
Event: 15.836 Thread 0x00000000588b0800 Uncommon trap: reason=unhandled action=none pc=0x0000000002f0a47c method=java.net.URLClassLoader.findClass(Ljava/lang/String;)Ljava/lang/Class; @ 44
Event: 15.836 Thread 0x00000000588b0800 Uncommon trap: reason=unhandled action=none pc=0x0000000002f0a47c method=java.net.URLClassLoader.findClass(Ljava/lang/String;)Ljava/lang/Class; @ 44
Event: 15.836 Thread 0x00000000588b0800 Uncommon trap: reason=unhandled action=none pc=0x0000000002f0a47c method=java.net.URLClassLoader.findClass(Ljava/lang/String;)Ljava/lang/Class; @ 44
Event: 15.836 Thread 0x00000000588b0800 Uncommon trap: reason=unhandled action=none pc=0x0000000002f0a47c method=java.net.URLClassLoader.findClass(Ljava/lang/String;)Ljava/lang/Class; @ 44
Event: 15.836 Thread 0x00000000588b0800 Uncommon trap: reason=unhandled action=none pc=0x0000000002f0a47c method=java.net.URLClassLoader.findClass(Ljava/lang/String;)Ljava/lang/Class; @ 44

Internal exceptions (10 events):
Event: 15.825 Thread 0x00000000588b0800 Exception <a 'java/lang/ArrayIndexOutOfBoundsException': 39> (0x00000000f2527d40) thrown at [C:\workspace\8-2-build-windows-amd64-cygwin\jdk8u65\4987\hotspot\src\share\vm\interpreter\interpreterRuntime.cpp, line 366]
Event: 15.827 Thread 0x00000000588b0800 Exception <a 'java/lang/ClassNotFoundException': org/springframework/transaction/support/ResourceTransactionManagerCustomizer> (0x00000000f2563e68) thrown at [C:\workspace\8-2-build-windows-amd64-cygwin\jdk8u65\4987\hotspot\src\share\vm\classfile\systemDic
Event: 15.827 Thread 0x00000000588b0800 Exception <a 'java/lang/ClassNotFoundException': org/springframework/beans/factory/BeanFactoryAwareCustomizer> (0x00000000f257d9e8) thrown at [C:\workspace\8-2-build-windows-amd64-cygwin\jdk8u65\4987\hotspot\src\share\vm\classfile\systemDictionary.cpp, linı ?Ûß/@
Event: 15.828 Thread 0x00000000588b0800 Exception <a 'java/lang/ClassNotFoundException': org/springframework/beans/factory/InitializingBeanCustomizer> (0x00000000f25976d0) thrown at [C:\workspace\8-2-build-windows-amd64-cygwin\jdk8u65\4987\hotspot\src\share\vm\classfile\systemDictionary.cpp, linıøWU®/@
Event: 15.829 Thread 0x00000000588b0800 Exception <a 'java/lang/ClassNotFoundException': org/springframework/transaction/PlatformTransactionManagerCustomizer> (0x00000000f25b2ab0) thrown at [C:\workspace\8-2-build-windows-amd64-cygwin\jdk8u65\4987\hotspot\src\share\vm\classfile\systemDictionary.Vêˆ©/@
Event: 15.832 Thread 0x00000000588b0800 Exception <a 'java/lang/ClassNotFoundException': java/lang/ObjectCustomizer> (0x00000000f25ec540) thrown at [C:\workspace\8-2-build-windows-amd64-cygwin\jdk8u65\4987\hotspot\src\share\vm\classfile\systemDictionary.cpp, line 210]
Event: 15.833 Thread 0x00000000588b0800 Exception <a 'java/lang/ClassNotFoundException': org/springframework/boot/autoconfigure/orm/jpa/HibernateJpaAutoConfigurationCustomizer> (0x00000000f260f7b0) thrown at [C:\workspace\8-2-build-windows-amd64-cygwin\jdk8u65\4987\hotspot\src\share\vm\classfileé4ÂÇ¡™/@
Event: 15.834 Thread 0x00000000588b0800 Exception <a 'java/lang/ClassNotFoundException': org/springframework/boot/autoconfigure/orm/jpa/HibernateJpaAutoConfiguration$$EnhancerBySpringCGLIB$$2764d7c9Customizer> (0x00000000f2639a10) thrown at [C:\workspace\8-2-build-windows-amd64-cygwin\jdk8u65\49°¬4´/@
Event: 15.834 Thread 0x00000000588b0800 Exception <a 'java/lang/ClassNotFoundException': org/springframework/context/annotation/ConfigurationClassEnhancer$EnhancedConfigurationCustomizer> (0x00000000f2662080) thrown at [C:\workspace\8-2-build-windows-amd64-cygwin\jdk8u65\4987\hotspot\src\share\vS€qæ‚´/@
Event: 15.836 Thread 0x00000000588b0800 Exception <a 'java/lang/ClassNotFoundException': java/lang/ObjectCustomizer> (0x00000000f2673408) thrown at [C:\workspace\8-2-build-windows-amd64-cygwin\jdk8u65\4987\hotspot\src\share\vm\classfile\systemDictionary.cpp, line 210]

Events (10 events):
Event: 15.836 Thread 0x00000000588b0800 DEOPT PACKING pc=0x0000000002f0a47c sp=0x000000005954cb70
Event: 15.836 Thread 0x00000000588b0800 DEOPT UNPACKING pc=0x00000000027d582a sp=0x000000005954cb18 mode 2
Event: 15.836 Thread 0x00000000588b0800 DEOPT PACKING pc=0x00000000033a34a4 sp=0x000000005954cc80
Event: 15.836 Thread 0x00000000588b0800 DEOPT UNPACKING pc=0x00000000027d787f sp=0x000000005954c9b8 mode 1
Event: 15.836 Thread 0x00000000588b0800 DEOPT PACKING pc=0x0000000002e54a78 sp=0x000000005954ccf0
Event: 15.836 Thread 0x00000000588b0800 DEOPT UNPACKING pc=0x00000000027d787f sp=0x000000005954ca10 mode 1
Event: 15.836 Thread 0x00000000588b0800 DEOPT PACKING pc=0x0000000002e54a78 sp=0x000000005954cde0
Event: 15.836 Thread 0x00000000588b0800 DEOPT UNPACKING pc=0x00000000027d787f sp=0x000000005954cb00 mode 1
Event: 15.836 Thread 0x00000000588b0800 DEOPT PACKING pc=0x0000000002b4f01c sp=0x000000005954d6f0
Event: 15.836 Thread 0x00000000588b0800 DEOPT UNPACKING pc=0x00000000027d787f sp=0x000000005954d450 mode 1


Dynamic libraries:
0x000000013f570000 - 0x000000013f5a7000 	C:\Program Files\Java\jre1.8.0_65\bin\javaw.exe
0x00000000772e0000 - 0x000000007747f000 	C:\Windows\SYSTEM32\ntdll.dll
0x00000000771c0000 - 0x00000000772df000 	C:\Windows\system32\kernel32.dll
0x000007fefd2a0000 - 0x000007fefd30a000 	C:\Windows\system32\KERNELBASE.dll
0x000007feff070000 - 0x000007feff14b000 	C:\Windows\system32\ADVAPI32.dll
0x000007fefd7d0000 - 0x000007fefd86f000 	C:\Windows\system32\msvcrt.dll
0x000007fefdd80000 - 0x000007fefdd9f000 	C:\Windows\SYSTEM32\sechost.dll
0x000007feff440000 - 0x000007feff56c000 	C:\Windows\system32\RPCRT4.dll
0x00000000770c0000 - 0x00000000771ba000 	C:\Windows\system32\USER32.dll
0x000007fefdb10000 - 0x000007fefdb77000 	C:\Windows\system32\GDI32.dll
0x000007fefdb00000 - 0x000007fefdb0e000 	C:\Windows\system32\LPK.dll
0x000007feff370000 - 0x000007feff43b000 	C:\Windows\system32\USP10.dll
0x000007fefa4a0000 - 0x000007fefa695000 	C:\Windows\WinSxS\amd64_microsoft.windows.common-controls_6595b64144ccf1df_6.0.7601.24440_none_e36f1bbf30ff0606\COMCTL32.dll
0x000007fefe260000 - 0x000007fefe2d1000 	C:\Windows\system32\SHLWAPI.dll
0x000007feff570000 - 0x000007feff59e000 	C:\Windows\system32\IMM32.DLL
0x000007fefd990000 - 0x000007fefda99000 	C:\Windows\system32\MSCTF.dll
0x0000000068ac0000 - 0x0000000068b92000 	C:\Program Files\Java\jre1.8.0_65\bin\msvcr100.dll
0x000000006a210000 - 0x000000006aa99000 	C:\Program Files\Java\jre1.8.0_65\bin\server\jvm.dll
0x000007fef7b20000 - 0x000007fef7b29000 	C:\Windows\system32\WSOCK32.dll
0x000007fefe210000 - 0x000007fefe25d000 	C:\Windows\system32\WS2_32.dll
0x000007fefd7c0000 - 0x000007fefd7c8000 	C:\Windows\system32\NSI.dll
0x000007fef9530000 - 0x000007fef956b000 	C:\Windows\system32\WINMM.dll
0x000007fefc300000 - 0x000007fefc30c000 	C:\Windows\system32\VERSION.dll
0x0000000077480000 - 0x0000000077487000 	C:\Windows\system32\PSAPI.DLL
0x00000000735b0000 - 0x00000000735bf000 	C:\Program Files\Java\jre1.8.0_65\bin\verify.dll
0x000000006be10000 - 0x000000006be39000 	C:\Program Files\Java\jre1.8.0_65\bin\java.dll
0x0000000068c80000 - 0x0000000068cb5000 	C:\Program Files\Java\jre1.8.0_65\bin\jdwp.dll
0x00000000735c0000 - 0x00000000735c8000 	C:\Program Files\Java\jre1.8.0_65\bin\npt.dll
0x000000006dd50000 - 0x000000006dd66000 	C:\Program Files\Java\jre1.8.0_65\bin\zip.dll
0x000007fefe2e0000 - 0x000007feff06b000 	C:\Windows\system32\SHELL32.dll
0x000007fefd5c0000 - 0x000007fefd7bf000 	C:\Windows\system32\ole32.dll
0x000007fefd1f0000 - 0x000007fefd1ff000 	C:\Windows\system32\profapi.dll
0x000000006dd10000 - 0x000000006dd19000 	C:\Program Files\Java\jre1.8.0_65\bin\dt_socket.dll
0x000007fefbc70000 - 0x000007fefbc85000 	C:\Windows\system32\NLAapi.dll
0x000007fefafd0000 - 0x000007fefafe5000 	C:\Windows\system32\napinsp.dll
0x000007fefaff0000 - 0x000007fefb009000 	C:\Windows\system32\pnrpnsp.dll
0x000007fefc9c0000 - 0x000007fefca15000 	C:\Windows\System32\mswsock.dll
0x000007fefc840000 - 0x000007fefc89b000 	C:\Windows\system32\DNSAPI.dll
0x000007fefafc0000 - 0x000007fefafcb000 	C:\Windows\System32\winrnr.dll
0x000007fefba50000 - 0x000007fefba77000 	C:\Windows\system32\IPHLPAPI.DLL
0x000007fefba40000 - 0x000007fefba4b000 	C:\Windows\system32\WINNSI.DLL
0x000007fefb8b0000 - 0x000007fefb903000 	C:\Windows\System32\fwpuclnt.dll
0x000007fefb020000 - 0x000007fefb028000 	C:\Windows\system32\rasadhlp.dll
0x000007fefc400000 - 0x000007fefc407000 	C:\Windows\System32\wshtcpip.dll
0x000000006dd20000 - 0x000000006dd2d000 	C:\Program Files\Java\jre1.8.0_65\bin\management.dll
0x000000006dd30000 - 0x000000006dd4a000 	C:\Program Files\Java\jre1.8.0_65\bin\net.dll
0x000007fefc9b0000 - 0x000007fefc9b7000 	C:\Windows\System32\wship6.dll
0x000000006bdf0000 - 0x000000006be01000 	C:\Program Files\Java\jre1.8.0_65\bin\nio.dll
0x000007fefca20000 - 0x000007fefca38000 	C:\Windows\system32\CRYPTSP.dll
0x000007fefc720000 - 0x000007fefc767000 	C:\Windows\system32\rsaenh.dll
0x000007fefc510000 - 0x000007fefc52e000 	C:\Windows\system32\USERENV.dll
0x000007fefd0e0000 - 0x000007fefd0ef000 	C:\Windows\system32\CRYPTBASE.dll
0x000007fefb5b0000 - 0x000007fefb5c1000 	C:\Windows\system32\dhcpcsvc6.DLL
0x000007fefb590000 - 0x000007fefb5a8000 	C:\Windows\system32\dhcpcsvc.DLL

VM Arguments:
jvm_args: -agentlib:jdwp=transport=dt_socket,suspend=y,address=localhost:62154 -Dfile.encoding=UTF-8 
java_command: com.qk.MainApp
java_class_path (initial): D:\Sample\demo2\target\classes;C:\Users\Q5369\.m2\repository\org\springframework\boot\spring-boot-starter-data-jpa\2.0.4.RELEASE\spring-boot-starter-data-jpa-2.0.4.RELEASE.jar;C:\Users\Q5369\.m2\repository\org\springframework\boot\spring-boot-starter\2.0.4.RELEASE\spring-boot-starter-2.0.4.RELEASE.jar;C:\Users\Q5369\.m2\repository\org\springframework\boot\spring-boot-starter-logging\2.0.4.RELEASE\spring-boot-starter-logging-2.0.4.RELEASE.jar;C:\Users\Q5369\.m2\repository\ch\qos\logback\logback-classic\1.2.3\logback-classic-1.2.3.jar;C:\Users\Q5369\.m2\repository\ch\qos\logback\logback-core\1.2.3\logback-core-1.2.3.jar;C:\Users\Q5369\.m2\repository\org\apache\logging\log4j\log4j-to-slf4j\2.10.0\log4j-to-slf4j-2.10.0.jar;C:\Users\Q5369\.m2\repository\org\apache\logging\log4j\log4j-api\2.10.0\log4j-api-2.10.0.jar;C:\Users\Q5369\.m2\repository\org\slf4j\jul-to-slf4j\1.7.25\jul-to-slf4j-1.7.25.jar;C:\Users\Q5369\.m2\repository\javax\annotation\javax.annotation-api\1.3.2\javax.annotation-api-1.3.2.jar;C:\Users\Q5369\.m2\repository\org\yaml\snakeyaml\1.19\snakeyaml-1.19.jar;C:\Users\Q5369\.m2\repository\org\springframework\boot\spring-boot-starter-aop\2.0.4.RELEASE\spring-boot-starter-aop-2.0.4.RELEASE.jar;C:\Users\Q5369\.m2\repository\org\springframework\spring-aop\5.0.8.RELEASE\spring-aop-5.0.8.RELEASE.jar;C:\Users\Q5369\.m2\repository\org\aspectj\aspectjweaver\1.8.13\aspectjweaver-1.8.13.jar;C:\Users\Q5369\.m2\repository\org\springframework\boot\spring-boot-starter-jdbc\2.0.4.RELEASE\spring-boot-starter-jdbc-2.0.4.RELEASE.jar;C:\Users\Q5369\.m2\repository\com\zaxxer\HikariCP\2.7.9\HikariCP-2.7.9.jar;C:\Users\Q5369\.m2\repository\org\springframework\spring-jdbc\5.0.8.RELEASE\spring-jdbc-5.0.8.RELEASE.jar;C:\Users\Q5369\.m2\repository\org\hibernate\hibernate-core\5.2.17.Final\hibernate-core-5.2.17.Final.jar;C:\Users\Q5369\.m2\repository\org\jboss\logging\jboss-logging\3.3.2.Final\jboss-logging-3.3.2.Final.jar;C:\Users\Q5369\.m2\repository\org\
Launcher Type: SUN_STANDARD

Environment Variables:
JAVA_HOME=C:\Program Files\Java\jdk1.8.0_65
PATH=C:/Program Files/Java/jre1.8.0_65/bin/server;C:/Program Files/Java/jre1.8.0_65/bin;C:/Program Files/Java/jre1.8.0_65/lib/amd64;C:\ProgramData\Oracle\Java\javapath;C:\Windows\system32;C:\Windows;C:\Windows\System32\Wbem;C:\Windows\System32\WindowsPowerShell\v1.0\;D:\Android\android-sdk\platform-tools;D:\Android\android-sdk\tools;D:\Android\android-sdk\build-tools;C:\Program Files (x86)\Kaspersky Lab\Kaspersky Endpoint Security for Windows\;C:\Program Files\Git\cmd;C:\Program Files\Java\jdk1.8.0_65\bin;D:\eclipse;
USERNAME=Q5369
OS=Windows_NT
PROCESSOR_IDENTIFIER=Intel64 Family 6 Model 60 Stepping 3, GenuineIntel



---------------  S Y S T E M  ---------------

OS: Windows 7 , 64 bit Build 7601 (6.1.7601.24441)

CPU:total 4 (2 cores per cpu, 2 threads per core) family 6 model 60 stepping 3, cmov, cx8, fxsr, mmx, sse, sse2, sse3, ssse3, sse4.1, sse4.2, popcnt, avx, avx2, aes, clmul, erms, lzcnt, ht, tsc, tscinvbit, bmi1, bmi2

Memory: 4k page, physical 4109256k(394216k free), swap 6204508k(5112k free)

vm_info: Java HotSpot(TM) 64-Bit Server VM (25.65-b01) for windows-amd64 JRE (1.8.0_65-b17), built on Oct  6 2015 16:39:20 by "java_re" with MS VC++ 10.0 (VS2010)

time: Wed Jun 19 13:23:09 2019
elapsed time: 15 seconds (0d 0h 0m 15s)

